16:07:44.988 [main] INFO  za.co.bangoma.auth.config.ConfigurationLogger - Starting configuration loading process
16:07:45.019 [main] INFO  za.co.bangoma.auth.config.ConfigurationLogger - Configuration loaded successfully
16:07:45.020 [main] INFO  za.co.bangoma.auth.config.ConfigurationLogger - Static files directory configured
16:07:45.047 [main] INFO  za.co.bangoma.auth.config.ConfigurationLogger - Configuration complete, App ready on port 7070
16:07:45.169 [main] INFO  za.co.bangoma.auth.config.ConfigurationLogger - Static files directory configured
16:07:45.172 [main] INFO  za.co.bangoma.auth.service.UserService - Initialising database connection
16:07:45.429 [main] INFO  za.co.bangoma.auth.service.UserService - Database connection initialised successfully
18:51:54.778 [main] INFO  za.co.bangoma.auth.config.ConfigurationLogger - Starting configuration loading process
18:51:54.788 [main] INFO  za.co.bangoma.auth.config.ConfigurationLogger - Configuration loaded successfully
18:51:54.789 [main] INFO  za.co.bangoma.auth.config.ConfigurationLogger - Static files directory configured
18:51:54.805 [main] INFO  za.co.bangoma.auth.config.ConfigurationLogger - Configuration complete, App ready on port 7070
18:51:54.918 [main] INFO  za.co.bangoma.auth.config.ConfigurationLogger - Static files directory configured
18:51:54.921 [main] INFO  za.co.bangoma.auth.service.UserService - Initialising database connection
18:51:55.192 [main] INFO  za.co.bangoma.auth.service.UserService - Database connection initialised successfully
18:54:37.985 [main] INFO  za.co.bangoma.auth.config.ConfigurationLogger - Starting configuration loading process
18:54:37.996 [main] INFO  za.co.bangoma.auth.config.ConfigurationLogger - Configuration loaded successfully
18:54:37.996 [main] INFO  za.co.bangoma.auth.config.ConfigurationLogger - Static files directory configured
18:54:38.014 [main] INFO  za.co.bangoma.auth.config.ConfigurationLogger - Configuration complete, App ready on port 7070
18:54:38.129 [main] INFO  za.co.bangoma.auth.config.ConfigurationLogger - Static files directory configured
18:54:38.216 [main] INFO  za.co.bangoma.auth.service.UserService - Initialising database connection
18:54:38.460 [main] INFO  za.co.bangoma.auth.service.UserService - Database connection initialised successfully
18:54:38.962 [main] INFO  za.co.bangoma.auth.config.ConfigurationLogger - Configuration complete, App ready on port 7070
19:01:58.199 [main] INFO  za.co.bangoma.auth.config.ConfigurationLogger - Starting configuration loading process
19:01:58.213 [main] INFO  za.co.bangoma.auth.config.ConfigurationLogger - Configuration loaded successfully
19:01:58.215 [main] INFO  za.co.bangoma.auth.config.ConfigurationLogger - Static files directory configured
19:01:58.239 [main] INFO  za.co.bangoma.auth.config.ConfigurationLogger - Configuration complete, App ready on port 7070
19:01:58.390 [main] INFO  za.co.bangoma.auth.config.ConfigurationLogger - Static files directory configured
19:01:58.529 [main] INFO  za.co.bangoma.auth.service.UserService - Initialising database connection
19:01:58.780 [main] INFO  za.co.bangoma.auth.service.UserService - Database connection initialised successfully
19:01:59.443 [main] INFO  za.co.bangoma.auth.config.ConfigurationLogger - Configuration complete, App ready on port 7070
19:44:23.464 [main] INFO  za.co.bangoma.auth.config.ConfigurationLogger - Starting configuration loading process
19:44:23.475 [main] INFO  za.co.bangoma.auth.config.ConfigurationLogger - Configuration loaded successfully
19:44:23.476 [main] INFO  za.co.bangoma.auth.config.ConfigurationLogger - Static files directory configured
19:44:23.493 [main] INFO  za.co.bangoma.auth.config.ConfigurationLogger - Configuration complete, App ready on port 7070
19:44:23.614 [main] INFO  za.co.bangoma.auth.config.ConfigurationLogger - Static files directory configured
19:44:23.705 [main] INFO  za.co.bangoma.auth.service.UserService - Initialising database connection
19:44:23.954 [main] INFO  za.co.bangoma.auth.service.UserService - Database connection initialised successfully
19:44:23.957 [main] WARN  za.co.bangoma.auth.config.ConfigurationLogger - Property not found: login.path
19:44:24.513 [main] INFO  za.co.bangoma.auth.config.ConfigurationLogger - Configuration complete, App ready on port 7070
